<?xml version="1.0" encoding="UTF-8"?>
<robot generator="Robot 5.0.1 (Python 3.9.13 on win32)" generated="20220921 16:35:23.978" rpa="true" schemaversion="3">
<suite id="s1" name="Tasks" source="c:\Users\E1432829\Documents\Robocorp\LevelII\Orders Robots\tasks.robot">
<test id="s1-t1" name="Order robots from RobotSpareBin Industries Inc" line="19">
<kw name="Ask for user Input">
<var>${user_Url}</var>
<kw name="Add heading" library="RPA.Dialogs">
<arg>Type Url to download file</arg>
<doc>Add a centered heading text element</doc>
<status status="PASS" starttime="20220921 16:35:29.410" endtime="20220921 16:35:29.410"/>
</kw>
<kw name="Add text input" library="RPA.Dialogs">
<arg>url</arg>
<tag>input</tag>
<doc>Add a text input element</doc>
<status status="PASS" starttime="20220921 16:35:29.422" endtime="20220921 16:35:29.423"/>
</kw>
<kw name="Run dialog" library="RPA.Dialogs">
<var>${user_Url}</var>
<tag>dialog</tag>
<doc>Create a dialog from all the defined elements and block
until the user has handled it.</doc>
<msg timestamp="20220921 16:35:29.423" level="INFO">Protecting keyword: RPA.Dialogs.Run dialog</msg>
<msg timestamp="20220921 16:35:34.322" level="INFO">Log level changed from NONE to INFO.</msg>
<status status="PASS" starttime="20220921 16:35:29.423" endtime="20220921 16:35:34.319"/>
</kw>
<return>
<value>${user_Url.url}</value>
<status status="PASS" starttime="20220921 16:35:34.322" endtime="20220921 16:35:34.325"/>
</return>
<msg timestamp="20220921 16:35:34.335" level="INFO">${user_Url} = https://robotsparebinindustries.com/orders.csv</msg>
<status status="PASS" starttime="20220921 16:35:29.410" endtime="20220921 16:35:34.341"/>
</kw>
<kw name="Open the robot order website">
<kw name="Get Secret" library="RPA.Robocorp.Vault">
<var>${secret}</var>
<arg>robotUrl</arg>
<doc>Read a secret from the configured source, e.g. Robocorp Vault,
and return it as a ``Secret`` object.</doc>
<msg timestamp="20220921 16:35:34.354" level="INFO">Protecting keyword: RPA.Robocorp.Vault.Get Secret</msg>
<msg timestamp="20220921 16:35:34.375" level="INFO">Log level changed from NONE to INFO.</msg>
<status status="FAIL" starttime="20220921 16:35:34.352" endtime="20220921 16:35:34.372"/>
</kw>
<kw name="Open Available Browser" library="RPA.Browser.Selenium">
<arg>${secret}[url]</arg>
<doc>Attempts to open a browser on the user's device from a set of
supported browsers. Automatically downloads a corresponding webdriver
if none is already installed.</doc>
<status status="NOT RUN" starttime="20220921 16:35:34.378" endtime="20220921 16:35:34.380"/>
</kw>
<status status="FAIL" starttime="20220921 16:35:34.346" endtime="20220921 16:35:34.388"/>
</kw>
<kw name="Get orders">
<var>${orders}</var>
<arg>${user_Url}</arg>
<status status="NOT RUN" starttime="20220921 16:35:34.394" endtime="20220921 16:35:34.396"/>
</kw>
<for flavor="IN">
<var>${row}</var>
<value>@{orders}</value>
<iter>
<var name="${row}"/>
<kw name="Close the annoying modal">
<status status="NOT RUN" starttime="20220921 16:35:34.403" endtime="20220921 16:35:34.405"/>
</kw>
<kw name="Fill the form">
<arg>${row}</arg>
<status status="NOT RUN" starttime="20220921 16:35:34.408" endtime="20220921 16:35:34.410"/>
</kw>
<kw name="Preview the robot">
<status status="NOT RUN" starttime="20220921 16:35:34.412" endtime="20220921 16:35:34.415"/>
</kw>
<kw name="Submit the order">
<status status="NOT RUN" starttime="20220921 16:35:34.419" endtime="20220921 16:35:34.422"/>
</kw>
<kw name="Store the receipt as a PDF file">
<var>${pdf}</var>
<arg>${row}[Order number]</arg>
<status status="NOT RUN" starttime="20220921 16:35:34.424" endtime="20220921 16:35:34.426"/>
</kw>
<kw name="Take a screenshot of the robot">
<var>${screenshot}</var>
<arg>${row}[Order number]</arg>
<status status="NOT RUN" starttime="20220921 16:35:34.428" endtime="20220921 16:35:34.430"/>
</kw>
<kw name="Embed the robot screenshot to the receipt PDF file">
<arg>${screenshot}</arg>
<arg>${pdf}</arg>
<status status="NOT RUN" starttime="20220921 16:35:34.433" endtime="20220921 16:35:34.436"/>
</kw>
<kw name="Go to order another robot">
<status status="NOT RUN" starttime="20220921 16:35:34.440" endtime="20220921 16:35:34.442"/>
</kw>
<status status="NOT RUN" starttime="20220921 16:35:34.400" endtime="20220921 16:35:34.444"/>
</iter>
<status status="NOT RUN" starttime="20220921 16:35:34.398" endtime="20220921 16:35:34.446"/>
</for>
<kw name="Create a ZIP file of the receipts">
<status status="NOT RUN" starttime="20220921 16:35:34.450" endtime="20220921 16:35:34.453"/>
</kw>
<kw name="Close the browser" type="TEARDOWN">
<kw name="Close Browser" library="RPA.Browser.Selenium">
<doc>Closes the current browser.</doc>
<status status="PASS" starttime="20220921 16:35:34.467" endtime="20220921 16:35:34.470"/>
</kw>
<status status="PASS" starttime="20220921 16:35:34.460" endtime="20220921 16:35:34.471"/>
</kw>
<status status="FAIL" starttime="20220921 16:35:29.407" endtime="20220921 16:35:34.478">OSError: [WinError 123] The filename, directory name, or volume label syntax is incorrect: 'c:\\Users\\^&lt;your-username-here^&gt;\\vault.json'</status>
</test>
<doc>Orders robots from RobotSpareBin Industries Inc.
Saves the order HTML receipt as a PDF file.
Saves the screenshot of the ordered robot.
Embeds the screenshot of the robot to the PDF receipt.
Creates ZIP archive of the receipts and the images.</doc>
<status status="FAIL" starttime="20220921 16:35:23.991" endtime="20220921 16:35:34.494"/>
</suite>
<statistics>
<total>
<stat pass="0" fail="1" skip="0">All Tasks</stat>
</total>
<tag>
</tag>
<suite>
<stat pass="0" fail="1" skip="0" id="s1" name="Tasks">Tasks</stat>
</suite>
</statistics>
<errors>
</errors>
</robot>
